<?xml version="1.0" encoding="UTF-8"?>
<!-- Generated by org.testng.reporters.JUnitReportReporter -->
<testsuite hostname="inno0252-PC" failures="0" tests="1" name="com.basics.one2.Css_selectors" time="11.383" errors="0" timestamp="21 Feb 2020 16:28:30 GMT" skipped="0">
  <testcase classname="com.basics.one2.Css_selectors" name="autoittest" time="11.383"/>
</testsuite> <!-- com.basics.one2.Css_selectors -->
