<?xml version="1.0" encoding="UTF-8"?>
<!-- Generated by org.testng.reporters.JUnitReportReporter -->
<testsuite hostname="inno0252-PC" failures="0" tests="1" name="com.basics.one.Extente" time="7.835" errors="0" timestamp="12 Feb 2020 00:38:36 GMT" skipped="0">
  <testcase classname="com.basics.one.Extente" name="test1" time="7.835"/>
</testsuite> <!-- com.basics.one.Extente -->
