<?xml version="1.0" encoding="UTF-8"?>
<!-- Generated by org.testng.reporters.JUnitReportReporter -->
<testsuite hostname="inno0252-PC" failures="0" tests="1" name="com.basics.one2.Cookie_handle" time="9.509" errors="0" timestamp="18 Feb 2020 14:18:15 GMT" skipped="0">
  <testcase classname="com.basics.one2.Cookie_handle" name="handling_cookie" time="9.509"/>
</testsuite> <!-- com.basics.one2.Cookie_handle -->
