<?xml version="1.0" encoding="UTF-8"?>
<!-- Generated by org.testng.reporters.JUnitReportReporter -->
<testsuite hostname="inno0252-PC" failures="0" tests="1" name="com.basics.one2.HandleSSL_chrome" time="6.443" errors="0" timestamp="19 Feb 2020 14:43:18 GMT" skipped="0">
  <testcase classname="com.basics.one2.HandleSSL_chrome" name="ssltest" time="6.443"/>
</testsuite> <!-- com.basics.one2.HandleSSL_chrome -->
