<?xml version="1.0" encoding="UTF-8"?>
<!-- Generated by org.testng.reporters.JUnitReportReporter -->
<testsuite hostname="inno0252-PC" failures="0" tests="1" name="com.basics.one2.Robot_class" time="27.305" errors="0" timestamp="15 Feb 2020 02:28:13 GMT" skipped="0">
  <testcase classname="com.basics.one2.Robot_class" name="robottest" time="27.305"/>
</testsuite> <!-- com.basics.one2.Robot_class -->
