<?xml version="1.0" encoding="UTF-8"?>
<!-- Generated by org.testng.reporters.JUnitReportReporter -->
<testsuite hostname="inno0252-PC" failures="0" tests="1" name="com.basics.one2.Proxy_authentication" time="7.682" errors="0" timestamp="19 Feb 2020 14:48:10 GMT" skipped="0">
  <testcase classname="com.basics.one2.Proxy_authentication" name="proxyauth" time="7.682"/>
</testsuite> <!-- com.basics.one2.Proxy_authentication -->
