<?xml version="1.0" encoding="UTF-8"?>
<!-- Generated by org.testng.reporters.JUnitReportReporter -->
<testsuite hostname="inno0252-PC" failures="0" tests="1" name="com.basics.one.ExtentReportsWithTestng" time="8.283" errors="0" timestamp="12 Feb 2020 01:49:07 GMT" skipped="0">
  <testcase classname="com.basics.one.ExtentReportsWithTestng" name="testone" time="8.283"/>
</testsuite> <!-- com.basics.one.ExtentReportsWithTestng -->
