<?xml version="1.0" encoding="UTF-8"?>
<!-- Generated by org.testng.reporters.JUnitReportReporter -->
<testsuite hostname="inno0252-PC" failures="0" tests="5" name="com.basics.one.PrioritiesGrouping" time="6.067" errors="0" timestamp="16 Jan 2020 01:59:04 GMT" skipped="0">
  <testcase classname="com.basics.one.PrioritiesGrouping" name="ifbuttonpresent" time="0.079"/>
  <testcase classname="com.basics.one.PrioritiesGrouping" name="bverify_pagetitle" time="0.017"/>
  <testcase classname="com.basics.one.PrioritiesGrouping" name="ifinidapresent" time="0.060"/>
  <testcase classname="com.basics.one.PrioritiesGrouping" name="entertext" time="5.909"/>
  <testcase classname="com.basics.one.PrioritiesGrouping" name="successmessage" time="0.002"/>
</testsuite> <!-- com.basics.one.PrioritiesGrouping -->
