<?xml version="1.0" encoding="UTF-8"?>
<!-- Generated by org.testng.reporters.JUnitReportReporter -->
<testsuite hostname="inno0252-PC" failures="0" tests="1" name="com.basics.pom2.Testexecution2" time="11.578" errors="0" timestamp="10 Jan 2020 02:01:32 GMT" skipped="0">
  <testcase classname="com.basics.pom2.Testexecution2" name="execute" time="11.578"/>
</testsuite> <!-- com.basics.pom2.Testexecution2 -->
