<?xml version="1.0" encoding="UTF-8"?>
<!-- Generated by org.testng.reporters.JUnitReportReporter -->
<testsuite hostname="inno0252-PC" failures="0" tests="1" name="com.basics.pom2.Test_execution_class" time="10.711" errors="0" timestamp="09 Jan 2020 15:04:50 GMT" skipped="0">
  <testcase classname="com.basics.pom2.Test_execution_class" name="execute" time="10.711"/>
</testsuite> <!-- com.basics.pom2.Test_execution_class -->
