<?xml version="1.0" encoding="UTF-8"?>
<!-- Generated by org.testng.reporters.JUnitReportReporter -->
<testsuite hostname="inno0252-PC" failures="0" tests="2" name="com.basics.one.Dataprovidertest" time="0.019" errors="0" timestamp="10 Feb 2020 14:54:43 GMT" skipped="0">
  <testcase classname="com.basics.one.Dataprovidertest" name="datatest" time="0.015"/>
  <testcase classname="com.basics.one.Dataprovidertest" name="datatest" time="0.004"/>
</testsuite> <!-- com.basics.one.Dataprovidertest -->
