<?xml version="1.0" encoding="UTF-8"?>
<!-- Generated by org.testng.reporters.JUnitReportReporter -->
<testsuite hostname="inno0252-PC" failures="0" tests="1" name="com.basics.pom2.Key_execute" time="22.438" errors="0" timestamp="23 Jan 2020 02:35:08 GMT" skipped="0">
  <testcase classname="com.basics.pom2.Key_execute" name="execute_all" time="22.438"/>
</testsuite> <!-- com.basics.pom2.Key_execute -->
