<?xml version="1.0" encoding="UTF-8"?>
<!-- Generated by org.testng.reporters.JUnitReportReporter -->
<testsuite hostname="inno0252-PC" failures="0" tests="1" name="com.basics.one2.Cookie_handling" time="10.479" errors="0" timestamp="18 Feb 2020 16:17:49 GMT" skipped="0">
  <testcase classname="com.basics.one2.Cookie_handling" name="handlecookie" time="10.479"/>
</testsuite> <!-- com.basics.one2.Cookie_handling -->
