<?xml version="1.0" encoding="UTF-8"?>
<!-- Generated by org.testng.reporters.JUnitReportReporter -->
<testsuite hostname="inno0252-PC" failures="0" tests="1" name="com.testng.Test_testng" time="0.343" errors="0" timestamp="10 Jan 2020 02:42:14 GMT" skipped="0">
  <testcase classname="com.testng.Test_testng" name="enterdata" time="0.343"/>
</testsuite> <!-- com.testng.Test_testng -->
