<?xml version="1.0" encoding="UTF-8"?>
<!-- Generated by org.testng.reporters.JUnitReportReporter -->
<testsuite hostname="inno0252-PC" failures="0" tests="1" name="com.basics.one2.Autoit_upload" time="23.550" errors="0" timestamp="18 Feb 2020 15:07:14 GMT" skipped="0">
  <testcase classname="com.basics.one2.Autoit_upload" name="autoittest" time="23.550"/>
</testsuite> <!-- com.basics.one2.Autoit_upload -->
