<?xml version="1.0" encoding="UTF-8"?>
<!-- Generated by org.testng.reporters.JUnitReportReporter -->
<testsuite hostname="inno0252-PC" failures="0" tests="1" name="com.basics.one2.HandleSSL_firefox" time="4.337" errors="0" timestamp="17 Feb 2020 16:06:41 GMT" skipped="0">
  <testcase classname="com.basics.one2.HandleSSL_firefox" name="ssltest" time="4.337"/>
</testsuite> <!-- com.basics.one2.HandleSSL_firefox -->
