<?xml version="1.0" encoding="UTF-8"?>
<!-- Generated by org.testng.reporters.JUnitReportReporter -->
<testsuite hostname="inno0252-PC" failures="0" tests="1" name="com.basics.one.Testngtest" time="12.042" errors="0" timestamp="28 Jan 2020 01:51:18 GMT" skipped="0">
  <testcase classname="com.basics.one.Testngtest" name="screentest" time="12.042"/>
</testsuite> <!-- com.basics.one.Testngtest -->
